#
# There is insufficient memory for the Java Runtime Environment to continue.
# Native memory allocation (mmap) failed to map 65011712 bytes for committing reserved memory.
# Possible reasons:
#   The system is out of physical RAM or swap space
#   In 32 bit mode, the process size limit was hit
# Possible solutions:
#   Reduce memory load on the system
#   Increase physical memory or swap space
#   Check if swap backing store is full
#   Use 64 bit Java on a 64 bit OS
#   Decrease Java heap size (-Xmx/-Xms)
#   Decrease number of Java threads
#   Decrease Java thread stack sizes (-Xss)
#   Set larger code cache with -XX:ReservedCodeCacheSize=
# This output file may be truncated or incomplete.
#
#  Out of Memory Error (os_linux.cpp:2627), pid=10990, tid=0x00007f0c8aafa700
#
# JRE version: Java(TM) SE Runtime Environment (8.0_101-b13) (build 1.8.0_101-b13)
# Java VM: Java HotSpot(TM) 64-Bit Server VM (25.101-b13 mixed mode linux-amd64 compressed oops)
# Failed to write core dump. Core dumps have been disabled. To enable core dumping, try "ulimit -c unlimited" before starting Java again
#

---------------  T H R E A D  ---------------

Current thread (0x00007f0c9c078000):  VMThread [stack: 0x00007f0c8a9fa000,0x00007f0c8aafb000] [id=11023]

Stack: [0x00007f0c8a9fa000,0x00007f0c8aafb000],  sp=0x00007f0c8aaf9220,  free space=1020k
Native frames: (J=compiled Java code, j=interpreted, Vv=VM code, C=native code)
V  [libjvm.so+0xac3f0a]  VMError::report_and_die()+0x2ba
V  [libjvm.so+0x4fbf9b]  report_vm_out_of_memory(char const*, int, unsigned long, VMErrorType, char const*)+0x8b
V  [libjvm.so+0x9222d3]  os::Linux::commit_memory_impl(char*, unsigned long, bool)+0x103
V  [libjvm.so+0x922829]  os::pd_commit_memory(char*, unsigned long, unsigned long, bool)+0x29
V  [libjvm.so+0x91cb2a]  os::commit_memory(char*, unsigned long, unsigned long, bool)+0x2a
V  [libjvm.so+0x991053]  PSVirtualSpace::expand_by(unsigned long)+0x53
V  [libjvm.so+0x992458]  PSYoungGen::resize_generation(unsigned long, unsigned long)+0xf8
V  [libjvm.so+0x9915b2]  PSYoungGen::resize(unsigned long, unsigned long)+0x22
V  [libjvm.so+0x98e88b]  PSScavenge::invoke_no_policy()+0xf3b
V  [libjvm.so+0x98f011]  PSScavenge::invoke()+0x41
V  [libjvm.so+0x945fc0]  ParallelScavengeHeap::failed_mem_allocate(unsigned long)+0x70
V  [libjvm.so+0xac5927]  VM_ParallelGCFailedAllocation::doit()+0x97
V  [libjvm.so+0xacd405]  VM_Operation::evaluate()+0x55
V  [libjvm.so+0xacb7da]  VMThread::evaluate_operation(VM_Operation*)+0xba
V  [libjvm.so+0xacbb5e]  VMThread::loop()+0x1ce
V  [libjvm.so+0xacbfd0]  VMThread::run()+0x70
V  [libjvm.so+0x924698]  java_start(Thread*)+0x108

VM_Operation (0x00007f0c8942c9c0): ParallelGCFailedAllocation, mode: safepoint, requested by thread 0x00007f0c9c15a000


---------------  P R O C E S S  ---------------

Java Threads: ( => current thread )
  0x00007f0c9c15a000 JavaThread "pool-2-thread-4" [_thread_blocked, id=11076, stack(0x00007f0c8932e000,0x00007f0c8942f000)]
  0x00007f0c9c158800 JavaThread "pool-2-thread-3" [_thread_blocked, id=11075, stack(0x00007f0c8942f000,0x00007f0c89530000)]
  0x00007f0c9c157000 JavaThread "pool-2-thread-2" [_thread_blocked, id=11074, stack(0x00007f0c89530000,0x00007f0c89631000)]
  0x00007f0c9c146000 JavaThread "pool-3-thread-1" [_thread_blocked, id=11060, stack(0x00007f0c89631000,0x00007f0c89732000)]
  0x00007f0c9c144000 JavaThread "pool-2-thread-1" [_thread_blocked, id=11058, stack(0x00007f0c89732000,0x00007f0c89833000)]
  0x00007f0c9c0c0800 JavaThread "Service Thread" daemon [_thread_blocked, id=11049, stack(0x00007f0c89934000,0x00007f0c89a35000)]
  0x00007f0c9c0bd000 JavaThread "C1 CompilerThread2" daemon [_thread_blocked, id=11041, stack(0x00007f0c89a35000,0x00007f0c89b36000)]
  0x00007f0c9c0bb800 JavaThread "C2 CompilerThread1" daemon [_thread_blocked, id=11038, stack(0x00007f0c89b36000,0x00007f0c89c37000)]
  0x00007f0c9c0b8800 JavaThread "C2 CompilerThread0" daemon [_thread_blocked, id=11036, stack(0x00007f0c89c37000,0x00007f0c89d38000)]
  0x00007f0c9c0b7000 JavaThread "Signal Dispatcher" daemon [_thread_blocked, id=11034, stack(0x00007f0c89d38000,0x00007f0c89e39000)]
  0x00007f0c9c084000 JavaThread "Finalizer" daemon [_thread_blocked, id=11030, stack(0x00007f0c8a7f8000,0x00007f0c8a8f9000)]
  0x00007f0c9c07f800 JavaThread "Reference Handler" daemon [_thread_blocked, id=11027, stack(0x00007f0c8a8f9000,0x00007f0c8a9fa000)]
  0x00007f0c9c00a000 JavaThread "main" [_thread_blocked, id=11002, stack(0x00007f0ca511b000,0x00007f0ca521c000)]

Other Threads:
=>0x00007f0c9c078000 VMThread [stack: 0x00007f0c8a9fa000,0x00007f0c8aafb000] [id=11023]
  0x00007f0c9c0c3000 WatcherThread [stack: 0x00007f0c89833000,0x00007f0c89934000] [id=11055]

VM state:at safepoint (normal execution)

VM Mutex/Monitor currently owned by a thread:  ([mutex/lock_event])
[0x00007f0c9c0065f0] Threads_lock - owner thread: 0x00007f0c9c078000
[0x00007f0c9c006af0] Heap_lock - owner thread: 0x00007f0c9c15a000

Heap:
 PSYoungGen      total 68608K, used 5092K [0x00000000eab00000, 0x00000000ef300000, 0x0000000100000000)
  eden space 63488K, 0% used [0x00000000eab00000,0x00000000eab00000,0x00000000ee900000)
  from space 5120K, 99% used [0x00000000ee900000,0x00000000eedf9308,0x00000000eee00000)
  to   space 5120K, 0% used [0x00000000eee00000,0x00000000eee00000,0x00000000ef300000)
 ParOldGen       total 84992K, used 14935K [0x00000000c0000000, 0x00000000c5300000, 0x00000000eab00000)
  object space 84992K, 17% used [0x00000000c0000000,0x00000000c0e95ee0,0x00000000c5300000)
 Metaspace       used 6105K, capacity 7000K, committed 7168K, reserved 1056768K
  class space    used 613K, capacity 656K, committed 768K, reserved 1048576K

Card table byte_map: [0x00007f0ca1cc1000,0x00007f0ca1ec2000] byte_map_base: 0x00007f0ca16c1000

Marking Bits: (ParMarkBitMap*) 0x00007f0ca45ea120
 Begin Bits: [0x00007f0c8b000000, 0x00007f0c8c000000)
 End Bits:   [0x00007f0c8c000000, 0x00007f0c8d000000)

Polling page: 0x00007f0ca5239000

CodeCache: size=245760Kb used=5192Kb max_used=5193Kb free=240567Kb
 bounds [0x00007f0c8d000000, 0x00007f0c8d520000, 0x00007f0c9c000000]
 total_blobs=1667 nmethods=1399 adapters=182
 compilation: enabled

Compilation events (10 events):
Event: 4.695 Thread 0x00007f0c9c0bd000 nmethod 1569 0x00007f0c8d501a50 code [0x00007f0c8d501c60, 0x00007f0c8d5025a8]
Event: 4.695 Thread 0x00007f0c9c0bd000 1568 %     3       com.android.dx.ssa.SsaMethod::indexListFromLabelList @ 20 (47 bytes)
Event: 4.696 Thread 0x00007f0c9c0bd000 nmethod 1568% 0x00007f0c8d508c90 code [0x00007f0c8d508e60, 0x00007f0c8d5096f8]
Event: 4.696 Thread 0x00007f0c9c0bd000 1573 % !   3       com.android.dx.cf.code.Simulator::simulate @ 19 (74 bytes)
Event: 4.697 Thread 0x00007f0c9c0bd000 nmethod 1573% 0x00007f0c8d507c50 code [0x00007f0c8d507e40, 0x00007f0c8d508798]
Event: 4.697 Thread 0x00007f0c9c0bd000 1579       3       com.android.dx.ssa.DeadCodeRemover::run (194 bytes)
Event: 4.699 Thread 0x00007f0c9c0b8800 nmethod 1516 0x00007f0c8d515c50 code [0x00007f0c8d515e00, 0x00007f0c8d5168d8]
Event: 4.699 Thread 0x00007f0c9c0b8800 1578       4       com.android.dx.ssa.SCCP::simulateBranch (666 bytes)
Event: 4.702 Thread 0x00007f0c9c0bd000 nmethod 1579 0x00007f0c8d512a90 code [0x00007f0c8d512e00, 0x00007f0c8d514b88]
Event: 4.702 Thread 0x00007f0c9c0bd000 1580       3       com.android.dx.ssa.SsaMethod::indexListFromLabelList (47 bytes)

GC Heap History (5 events):
Event: 3.273 GC heap before
{Heap before GC invocations=1 (full 0):
 PSYoungGen      total 36864K, used 31744K [0x00000000eab00000, 0x00000000ed400000, 0x0000000100000000)
  eden space 31744K, 100% used [0x00000000eab00000,0x00000000eca00000,0x00000000eca00000)
  from space 5120K, 0% used [0x00000000ecf00000,0x00000000ecf00000,0x00000000ed400000)
  to   space 5120K, 0% used [0x00000000eca00000,0x00000000eca00000,0x00000000ecf00000)
 ParOldGen       total 84992K, used 0K [0x00000000c0000000, 0x00000000c5300000, 0x00000000eab00000)
  object space 84992K, 0% used [0x00000000c0000000,0x00000000c0000000,0x00000000c5300000)
 Metaspace       used 5784K, capacity 6768K, committed 7040K, reserved 1056768K
  class space    used 593K, capacity 616K, committed 640K, reserved 1048576K
Event: 3.349 GC heap after
Heap after GC invocations=1 (full 0):
 PSYoungGen      total 36864K, used 5089K [0x00000000eab00000, 0x00000000ef300000, 0x0000000100000000)
  eden space 31744K, 0% used [0x00000000eab00000,0x00000000eab00000,0x00000000eca00000)
  from space 5120K, 99% used [0x00000000eca00000,0x00000000ecef86d0,0x00000000ecf00000)
  to   space 5120K, 0% used [0x00000000eee00000,0x00000000eee00000,0x00000000ef300000)
 ParOldGen       total 84992K, used 1709K [0x00000000c0000000, 0x00000000c5300000, 0x00000000eab00000)
  object space 84992K, 2% used [0x00000000c0000000,0x00000000c01ab7a0,0x00000000c5300000)
 Metaspace       used 5784K, capacity 6768K, committed 7040K, reserved 1056768K
  class space    used 593K, capacity 616K, committed 640K, reserved 1048576K
}
Event: 4.248 GC heap before
{Heap before GC invocations=2 (full 0):
 PSYoungGen      total 36864K, used 36833K [0x00000000eab00000, 0x00000000ef300000, 0x0000000100000000)
  eden space 31744K, 100% used [0x00000000eab00000,0x00000000eca00000,0x00000000eca00000)
  from space 5120K, 99% used [0x00000000eca00000,0x00000000ecef86d0,0x00000000ecf00000)
  to   space 5120K, 0% used [0x00000000eee00000,0x00000000eee00000,0x00000000ef300000)
 ParOldGen       total 84992K, used 1709K [0x00000000c0000000, 0x00000000c5300000, 0x00000000eab00000)
  object space 84992K, 2% used [0x00000000c0000000,0x00000000c01ab7a0,0x00000000c5300000)
 Metaspace       used 5979K, capacity 6936K, committed 7168K, reserved 1056768K
  class space    used 613K, capacity 656K, committed 768K, reserved 1048576K
Event: 4.269 GC heap after
Heap after GC invocations=2 (full 0):
 PSYoungGen      total 68608K, used 5107K [0x00000000eab00000, 0x00000000ef300000, 0x0000000100000000)
  eden space 63488K, 0% used [0x00000000eab00000,0x00000000eab00000,0x00000000ee900000)
  from space 5120K, 99% used [0x00000000eee00000,0x00000000ef2fcf78,0x00000000ef300000)
  to   space 5120K, 0% used [0x00000000ee900000,0x00000000ee900000,0x00000000eee00000)
 ParOldGen       total 84992K, used 5275K [0x00000000c0000000, 0x00000000c5300000, 0x00000000eab00000)
  object space 84992K, 6% used [0x00000000c0000000,0x00000000c0526f58,0x00000000c5300000)
 Metaspace       used 5979K, capacity 6936K, committed 7168K, reserved 1056768K
  class space    used 613K, capacity 656K, committed 768K, reserved 1048576K
}
Event: 4.704 GC heap before
{Heap before GC invocations=3 (full 0):
 PSYoungGen      total 68608K, used 68595K [0x00000000eab00000, 0x00000000ef300000, 0x0000000100000000)
  eden space 63488K, 100% used [0x00000000eab00000,0x00000000ee900000,0x00000000ee900000)
  from space 5120K, 99% used [0x00000000eee00000,0x00000000ef2fcf78,0x00000000ef300000)
  to   space 5120K, 0% used [0x00000000ee900000,0x00000000ee900000,0x00000000eee00000)
 ParOldGen       total 84992K, used 5275K [0x00000000c0000000, 0x00000000c5300000, 0x00000000eab00000)
  object space 84992K, 6% used [0x00000000c0000000,0x00000000c0526f58,0x00000000c5300000)
 Metaspace       used 6105K, capacity 7000K, committed 7168K, reserved 1056768K
  class space    used 613K, capacity 656K, committed 768K, reserved 1048576K

Deoptimization events (10 events):
Event: 3.495 Thread 0x00007f0c9c158800 Uncommon trap: reason=null_check action=make_not_entrant pc=0x00007f0c8d2d8488 method=com.android.dx.ssa.SsaRenamer.getLocalForNewReg(I)Lcom/android/dx/rop/code/LocalItem; @ 19
Event: 3.567 Thread 0x00007f0c9c144000 Uncommon trap: reason=unstable_if action=reinterpret pc=0x00007f0c8d2957f0 method=java.util.HashMap.putVal(ILjava/lang/Object;Ljava/lang/Object;ZZ)Ljava/lang/Object; @ 162
Event: 4.025 Thread 0x00007f0c9c158800 Uncommon trap: reason=unstable_if action=reinterpret pc=0x00007f0c8d2accb8 method=java.util.HashMap.getNode(ILjava/lang/Object;)Ljava/util/HashMap$Node; @ 84
Event: 4.025 Thread 0x00007f0c9c158800 Uncommon trap: reason=unstable_if action=reinterpret pc=0x00007f0c8d1eb1b8 method=java.util.HashMap.getNode(ILjava/lang/Object;)Ljava/util/HashMap$Node; @ 84
Event: 4.041 Thread 0x00007f0c9c157000 Uncommon trap: reason=unstable_if action=reinterpret pc=0x00007f0c8d25c7c0 method=com.android.dx.rop.code.RegisterSpec.equals(ILcom/android/dx/rop/type/TypeBearer;Lcom/android/dx/rop/code/LocalItem;)Z @ 42
Event: 4.200 Thread 0x00007f0c9c157000 Uncommon trap: reason=unstable_if action=reinterpret pc=0x00007f0c8d230fb8 method=com.android.dx.rop.code.LocalItem.hashCode()I @ 25
Event: 4.200 Thread 0x00007f0c9c157000 Uncommon trap: reason=unstable_if action=reinterpret pc=0x00007f0c8d3c79f4 method=com.android.dx.rop.code.LocalItem.hashCode()I @ 25
Event: 4.222 Thread 0x00007f0c9c00a000 Uncommon trap: reason=null_check action=make_not_entrant pc=0x00007f0c8d291de0 method=com.android.dx.rop.type.Type.equals(Ljava/lang/Object;)Z @ 8
Event: 4.322 Thread 0x00007f0c9c00a000 Uncommon trap: reason=unstable_if action=reinterpret pc=0x00007f0c8d3deab8 method=com.android.dx.rop.code.LocalItem.hashCode()I @ 25
Event: 4.589 Thread 0x00007f0c9c15a000 Uncommon trap: reason=unstable_if action=reinterpret pc=0x00007f0c8d4afa54 method=com.android.dx.ssa.SCCP.simulateStmt(Lcom/android/dx/ssa/SsaInsn;)V @ 59

Internal exceptions (7 events):
Event: 0.530 Thread 0x00007f0c9c00a000 Exception <a 'java/lang/NoSuchMethodError': Method sun.misc.Unsafe.defineClass(Ljava/lang/String;[BII)Ljava/lang/Class; name or signature does not match> (0x00000000eab07cc0) thrown at [/HUDSON3/workspace/8-2-build-linux-amd64/jdk8u101/7261/hotspot/src/sh
Event: 0.530 Thread 0x00007f0c9c00a000 Exception <a 'java/lang/NoSuchMethodError': Method sun.misc.Unsafe.prefetchRead(Ljava/lang/Object;J)V name or signature does not match> (0x00000000eab07fa8) thrown at [/HUDSON3/workspace/8-2-build-linux-amd64/jdk8u101/7261/hotspot/src/share/vm/prims/jni.c
Event: 3.495 Thread 0x00007f0c9c158800 Implicit null exception at 0x00007f0c8d2d606d to 0x00007f0c8d2d8441
Event: 3.943 Thread 0x00007f0c9c144000 Exception <a 'java/lang/ArrayIndexOutOfBoundsException': 18> (0x00000000eb637db0) thrown at [/HUDSON3/workspace/8-2-build-linux-amd64/jdk8u101/7261/hotspot/src/share/vm/interpreter/interpreterRuntime.cpp, line 366]
Event: 3.944 Thread 0x00007f0c9c144000 Exception <a 'java/lang/ArrayIndexOutOfBoundsException': 145> (0x00000000eb639b78) thrown at [/HUDSON3/workspace/8-2-build-linux-amd64/jdk8u101/7261/hotspot/src/share/vm/interpreter/interpreterRuntime.cpp, line 366]
Event: 3.958 Thread 0x00007f0c9c144000 Exception <a 'java/lang/ArrayIndexOutOfBoundsException'> (0x00000000eb63ae60) thrown at [/HUDSON3/workspace/8-2-build-linux-amd64/jdk8u101/7261/hotspot/src/share/vm/runtime/sharedRuntime.cpp, line 605]
Event: 4.222 Thread 0x00007f0c9c00a000 Implicit null exception at 0x00007f0c8d291ce2 to 0x00007f0c8d291dd3

Events (10 events):
Event: 4.589 Thread 0x00007f0c9c15a000 Uncommon trap: trap_request=0xffffff65 fr.pc=0x00007f0c8d4afa54
Event: 4.589 Thread 0x00007f0c9c15a000 DEOPT PACKING pc=0x00007f0c8d4afa54 sp=0x00007f0c8942cd50
Event: 4.589 Thread 0x00007f0c9c15a000 DEOPT UNPACKING pc=0x00007f0c8d005229 sp=0x00007f0c8942cd38 mode 2
Event: 4.666 Thread 0x00007f0c9c144000 DEOPT PACKING pc=0x00007f0c8d3d49bd sp=0x00007f0c89830c40
Event: 4.666 Thread 0x00007f0c9c144000 DEOPT UNPACKING pc=0x00007f0c8d047633 sp=0x00007f0c89830aa0 mode 0
Event: 4.677 Thread 0x00007f0c9c158800 DEOPT PACKING pc=0x00007f0c8d37af26 sp=0x00007f0c8952dbf0
Event: 4.677 Thread 0x00007f0c9c158800 DEOPT UNPACKING pc=0x00007f0c8d047633 sp=0x00007f0c8952d930 mode 0
Event: 4.684 Thread 0x00007f0c9c15a000 DEOPT PACKING pc=0x00007f0c8d35856d sp=0x00007f0c8942cdb0
Event: 4.684 Thread 0x00007f0c9c15a000 DEOPT UNPACKING pc=0x00007f0c8d047633 sp=0x00007f0c8942cab0 mode 0
Event: 4.703 Executing VM operation: ParallelGCFailedAllocation


Dynamic libraries:
00400000-00401000 r-xp 00000000 08:08 409256                             /usr/lib/jvm/jdk1.8.0_101/bin/java
00600000-00601000 rw-p 00000000 08:08 409256                             /usr/lib/jvm/jdk1.8.0_101/bin/java
01e47000-01e68000 rw-p 00000000 00:00 0                                  [heap]
c0000000-c5300000 rw-p 00000000 00:00 0 
c5300000-eab00000 ---p 00000000 00:00 0 
eab00000-ef300000 rw-p 00000000 00:00 0 
f3100000-100000000 ---p 00000000 00:00 0 
100000000-1000c0000 rw-p 00000000 00:00 0 
1000c0000-140000000 ---p 00000000 00:00 0 
7f0c3c000000-7f0c3c021000 rw-p 00000000 00:00 0 
7f0c3c021000-7f0c40000000 ---p 00000000 00:00 0 
7f0c44000000-7f0c44021000 rw-p 00000000 00:00 0 
7f0c44021000-7f0c48000000 ---p 00000000 00:00 0 
7f0c48000000-7f0c48021000 rw-p 00000000 00:00 0 
7f0c48021000-7f0c4c000000 ---p 00000000 00:00 0 
7f0c4c000000-7f0c4c02d000 rw-p 00000000 00:00 0 
7f0c4c02d000-7f0c50000000 ---p 00000000 00:00 0 
7f0c50000000-7f0c50021000 rw-p 00000000 00:00 0 
7f0c50021000-7f0c54000000 ---p 00000000 00:00 0 
7f0c54000000-7f0c54021000 rw-p 00000000 00:00 0 
7f0c54021000-7f0c58000000 ---p 00000000 00:00 0 
7f0c58000000-7f0c58021000 rw-p 00000000 00:00 0 
7f0c58021000-7f0c5c000000 ---p 00000000 00:00 0 
7f0c5c000000-7f0c5c7f2000 rw-p 00000000 00:00 0 
7f0c5c7f2000-7f0c60000000 ---p 00000000 00:00 0 
7f0c60000000-7f0c60a03000 rw-p 00000000 00:00 0 
7f0c60a03000-7f0c64000000 ---p 00000000 00:00 0 
7f0c64000000-7f0c64021000 rw-p 00000000 00:00 0 
7f0c64021000-7f0c68000000 ---p 00000000 00:00 0 
7f0c68000000-7f0c684e6000 rw-p 00000000 00:00 0 
7f0c684e6000-7f0c6c000000 ---p 00000000 00:00 0 
7f0c6c000000-7f0c6c021000 rw-p 00000000 00:00 0 
7f0c6c021000-7f0c70000000 ---p 00000000 00:00 0 
7f0c70000000-7f0c70021000 rw-p 00000000 00:00 0 
7f0c70021000-7f0c74000000 ---p 00000000 00:00 0 
7f0c74000000-7f0c74021000 rw-p 00000000 00:00 0 
7f0c74021000-7f0c78000000 ---p 00000000 00:00 0 
7f0c78000000-7f0c78291000 rw-p 00000000 00:00 0 
7f0c78291000-7f0c7c000000 ---p 00000000 00:00 0 
7f0c7c000000-7f0c7c021000 rw-p 00000000 00:00 0 
7f0c7c021000-7f0c80000000 ---p 00000000 00:00 0 
7f0c80000000-7f0c80021000 rw-p 00000000 00:00 0 
7f0c80021000-7f0c84000000 ---p 00000000 00:00 0 
7f0c84000000-7f0c84021000 rw-p 00000000 00:00 0 
7f0c84021000-7f0c88000000 ---p 00000000 00:00 0 
7f0c8932e000-7f0c89331000 ---p 00000000 00:00 0 
7f0c89331000-7f0c8942f000 rw-p 00000000 00:00 0 
7f0c8942f000-7f0c89432000 ---p 00000000 00:00 0 
7f0c89432000-7f0c89530000 rw-p 00000000 00:00 0 
7f0c89530000-7f0c89533000 ---p 00000000 00:00 0 
7f0c89533000-7f0c89631000 rw-p 00000000 00:00 0 
7f0c89631000-7f0c89634000 ---p 00000000 00:00 0 
7f0c89634000-7f0c89732000 rw-p 00000000 00:00 0 
7f0c89732000-7f0c89735000 ---p 00000000 00:00 0 
7f0c89735000-7f0c89833000 rw-p 00000000 00:00 0 
7f0c89833000-7f0c89834000 ---p 00000000 00:00 0 
7f0c89834000-7f0c89934000 rw-p 00000000 00:00 0 
7f0c89934000-7f0c89937000 ---p 00000000 00:00 0 
7f0c89937000-7f0c89a35000 rw-p 00000000 00:00 0 
7f0c89a35000-7f0c89a38000 ---p 00000000 00:00 0 
7f0c89a38000-7f0c89b36000 rw-p 00000000 00:00 0 
7f0c89b36000-7f0c89b39000 ---p 00000000 00:00 0 
7f0c89b39000-7f0c89c37000 rw-p 00000000 00:00 0 
7f0c89c37000-7f0c89c3a000 ---p 00000000 00:00 0 
7f0c89c3a000-7f0c89d38000 rw-p 00000000 00:00 0 
7f0c89d38000-7f0c89d3b000 ---p 00000000 00:00 0 
7f0c89d3b000-7f0c89e39000 rw-p 00000000 00:00 0 
7f0c89e39000-7f0c8a7f8000 r--p 00000000 08:08 533531                     /usr/lib/locale/locale-archive
7f0c8a7f8000-7f0c8a7fb000 ---p 00000000 00:00 0 
7f0c8a7fb000-7f0c8a8f9000 rw-p 00000000 00:00 0 
7f0c8a8f9000-7f0c8a8fc000 ---p 00000000 00:00 0 
7f0c8a8fc000-7f0c8a9fa000 rw-p 00000000 00:00 0 
7f0c8a9fa000-7f0c8a9fb000 ---p 00000000 00:00 0 
7f0c8a9fb000-7f0c8d000000 rw-p 00000000 00:00 0 
7f0c8d000000-7f0c8d520000 rwxp 00000000 00:00 0 
7f0c8d520000-7f0c9c000000 ---p 00000000 00:00 0 
7f0c9c000000-7f0c9c392000 rw-p 00000000 00:00 0 
7f0c9c392000-7f0ca0000000 ---p 00000000 00:00 0 
7f0ca0034000-7f0ca003b000 r--s 00000000 08:08 659675                     /usr/lib/x86_64-linux-gnu/gconv/gconv-modules.cache
7f0ca003b000-7f0ca005c000 r--p 00000000 08:08 794915                     /usr/share/locale-langpack/zh_CN/LC_MESSAGES/libc.mo
7f0ca005c000-7f0ca0b18000 rw-p 00000000 00:00 0 
7f0ca0b18000-7f0ca0cf1000 r--s 03d29000 08:08 409332                     /usr/lib/jvm/jdk1.8.0_101/jre/lib/rt.jar
7f0ca0cf1000-7f0ca13a7000 rw-p 00000000 00:00 0 
7f0ca13a7000-7f0ca1567000 ---p 00000000 00:00 0 
7f0ca1567000-7f0ca1767000 rw-p 00000000 00:00 0 
7f0ca1767000-7f0ca1768000 ---p 00000000 00:00 0 
7f0ca1768000-7f0ca1868000 rw-p 00000000 00:00 0 
7f0ca1868000-7f0ca1869000 ---p 00000000 00:00 0 
7f0ca1869000-7f0ca1969000 rw-p 00000000 00:00 0 
7f0ca1969000-7f0ca196a000 ---p 00000000 00:00 0 
7f0ca196a000-7f0ca1a6a000 rw-p 00000000 00:00 0 
7f0ca1a6a000-7f0ca1a6b000 ---p 00000000 00:00 0 
7f0ca1a6b000-7f0ca1b95000 rw-p 00000000 00:00 0 
7f0ca1b95000-7f0ca1cc1000 ---p 00000000 00:00 0 
7f0ca1cc1000-7f0ca1ceb000 rw-p 00000000 00:00 0 
7f0ca1ceb000-7f0ca1e16000 ---p 00000000 00:00 0 
7f0ca1e16000-7f0ca1e3b000 rw-p 00000000 00:00 0 
7f0ca1e3b000-7f0ca1ec1000 ---p 00000000 00:00 0 
7f0ca1ec1000-7f0ca1ed7000 rw-p 00000000 00:00 0 
7f0ca1ed7000-7f0ca2282000 ---p 00000000 00:00 0 
7f0ca2282000-7f0ca229c000 r-xp 00000000 08:08 409361                     /usr/lib/jvm/jdk1.8.0_101/jre/lib/amd64/libzip.so
7f0ca229c000-7f0ca249c000 ---p 0001a000 08:08 409361                     /usr/lib/jvm/jdk1.8.0_101/jre/lib/amd64/libzip.so
7f0ca249c000-7f0ca249d000 rw-p 0001a000 08:08 409361                     /usr/lib/jvm/jdk1.8.0_101/jre/lib/amd64/libzip.so
7f0ca249d000-7f0ca24a8000 r-xp 00000000 08:08 267630                     /lib/x86_64-linux-gnu/libnss_files-2.23.so
7f0ca24a8000-7f0ca26a7000 ---p 0000b000 08:08 267630                     /lib/x86_64-linux-gnu/libnss_files-2.23.so
7f0ca26a7000-7f0ca26a8000 r--p 0000a000 08:08 267630                     /lib/x86_64-linux-gnu/libnss_files-2.23.so
7f0ca26a8000-7f0ca26a9000 rw-p 0000b000 08:08 267630                     /lib/x86_64-linux-gnu/libnss_files-2.23.so
7f0ca26a9000-7f0ca26af000 rw-p 00000000 00:00 0 
7f0ca26af000-7f0ca26ba000 r-xp 00000000 08:08 267640                     /lib/x86_64-linux-gnu/libnss_nis-2.23.so
7f0ca26ba000-7f0ca28b9000 ---p 0000b000 08:08 267640                     /lib/x86_64-linux-gnu/libnss_nis-2.23.so
7f0ca28b9000-7f0ca28ba000 r--p 0000a000 08:08 267640                     /lib/x86_64-linux-gnu/libnss_nis-2.23.so
7f0ca28ba000-7f0ca28bb000 rw-p 0000b000 08:08 267640                     /lib/x86_64-linux-gnu/libnss_nis-2.23.so
7f0ca28bb000-7f0ca28d1000 r-xp 00000000 08:08 267624                     /lib/x86_64-linux-gnu/libnsl-2.23.so
7f0ca28d1000-7f0ca2ad0000 ---p 00016000 08:08 267624                     /lib/x86_64-linux-gnu/libnsl-2.23.so
7f0ca2ad0000-7f0ca2ad1000 r--p 00015000 08:08 267624                     /lib/x86_64-linux-gnu/libnsl-2.23.so
7f0ca2ad1000-7f0ca2ad2000 rw-p 00016000 08:08 267624                     /lib/x86_64-linux-gnu/libnsl-2.23.so
7f0ca2ad2000-7f0ca2ad4000 rw-p 00000000 00:00 0 
7f0ca2ad4000-7f0ca2adc000 r-xp 00000000 08:08 267626                     /lib/x86_64-linux-gnu/libnss_compat-2.23.so
7f0ca2adc000-7f0ca2cdb000 ---p 00008000 08:08 267626                     /lib/x86_64-linux-gnu/libnss_compat-2.23.so
7f0ca2cdb000-7f0ca2cdc000 r--p 00007000 08:08 267626                     /lib/x86_64-linux-gnu/libnss_compat-2.23.so
7f0ca2cdc000-7f0ca2cdd000 rw-p 00008000 08:08 267626                     /lib/x86_64-linux-gnu/libnss_compat-2.23.so
7f0ca2cdd000-7f0ca2d07000 r-xp 00000000 08:08 409387                     /usr/lib/jvm/jdk1.8.0_101/jre/lib/amd64/libjava.so
7f0ca2d07000-7f0ca2f07000 ---p 0002a000 08:08 409387                     /usr/lib/jvm/jdk1.8.0_101/jre/lib/amd64/libjava.so
7f0ca2f07000-7f0ca2f09000 rw-p 0002a000 08:08 409387                     /usr/lib/jvm/jdk1.8.0_101/jre/lib/amd64/libjava.so
7f0ca2f09000-7f0ca2f16000 r-xp 00000000 08:08 409341                     /usr/lib/jvm/jdk1.8.0_101/jre/lib/amd64/libverify.so
7f0ca2f16000-7f0ca3116000 ---p 0000d000 08:08 409341                     /usr/lib/jvm/jdk1.8.0_101/jre/lib/amd64/libverify.so
7f0ca3116000-7f0ca3118000 rw-p 0000d000 08:08 409341                     /usr/lib/jvm/jdk1.8.0_101/jre/lib/amd64/libverify.so
7f0ca3118000-7f0ca311f000 r-xp 00000000 08:08 267685                     /lib/x86_64-linux-gnu/librt-2.23.so
7f0ca311f000-7f0ca331e000 ---p 00007000 08:08 267685                     /lib/x86_64-linux-gnu/librt-2.23.so
7f0ca331e000-7f0ca331f000 r--p 00006000 08:08 267685                     /lib/x86_64-linux-gnu/librt-2.23.so
7f0ca331f000-7f0ca3320000 rw-p 00007000 08:08 267685                     /lib/x86_64-linux-gnu/librt-2.23.so
7f0ca3320000-7f0ca3428000 r-xp 00000000 08:08 267601                     /lib/x86_64-linux-gnu/libm-2.23.so
7f0ca3428000-7f0ca3627000 ---p 00108000 08:08 267601                     /lib/x86_64-linux-gnu/libm-2.23.so
7f0ca3627000-7f0ca3628000 r--p 00107000 08:08 267601                     /lib/x86_64-linux-gnu/libm-2.23.so
7f0ca3628000-7f0ca3629000 rw-p 00108000 08:08 267601                     /lib/x86_64-linux-gnu/libm-2.23.so
7f0ca3629000-7f0ca42f4000 r-xp 00000000 08:08 409391                     /usr/lib/jvm/jdk1.8.0_101/jre/lib/amd64/server/libjvm.so
7f0ca42f4000-7f0ca44f3000 ---p 00ccb000 08:08 409391                     /usr/lib/jvm/jdk1.8.0_101/jre/lib/amd64/server/libjvm.so
7f0ca44f3000-7f0ca45cc000 rw-p 00cca000 08:08 409391                     /usr/lib/jvm/jdk1.8.0_101/jre/lib/amd64/server/libjvm.so
7f0ca45cc000-7f0ca4617000 rw-p 00000000 00:00 0 
7f0ca4617000-7f0ca47d7000 r-xp 00000000 08:08 267531                     /lib/x86_64-linux-gnu/libc-2.23.so
7f0ca47d7000-7f0ca49d6000 ---p 001c0000 08:08 267531                     /lib/x86_64-linux-gnu/libc-2.23.so
7f0ca49d6000-7f0ca49da000 r--p 001bf000 08:08 267531                     /lib/x86_64-linux-gnu/libc-2.23.so
7f0ca49da000-7f0ca49dc000 rw-p 001c3000 08:08 267531                     /lib/x86_64-linux-gnu/libc-2.23.so
7f0ca49dc000-7f0ca49e0000 rw-p 00000000 00:00 0 
7f0ca49e0000-7f0ca49e3000 r-xp 00000000 08:08 267555                     /lib/x86_64-linux-gnu/libdl-2.23.so
7f0ca49e3000-7f0ca4be2000 ---p 00003000 08:08 267555                     /lib/x86_64-linux-gnu/libdl-2.23.so
7f0ca4be2000-7f0ca4be3000 r--p 00002000 08:08 267555                     /lib/x86_64-linux-gnu/libdl-2.23.so
7f0ca4be3000-7f0ca4be4000 rw-p 00003000 08:08 267555                     /lib/x86_64-linux-gnu/libdl-2.23.so
7f0ca4be4000-7f0ca4bf9000 r-xp 00000000 08:08 408475                     /usr/lib/jvm/jdk1.8.0_101/lib/amd64/jli/libjli.so
7f0ca4bf9000-7f0ca4df9000 ---p 00015000 08:08 408475                     /usr/lib/jvm/jdk1.8.0_101/lib/amd64/jli/libjli.so
7f0ca4df9000-7f0ca4dfa000 rw-p 00015000 08:08 408475                     /usr/lib/jvm/jdk1.8.0_101/lib/amd64/jli/libjli.so
7f0ca4dfa000-7f0ca4e12000 r-xp 00000000 08:08 267677                     /lib/x86_64-linux-gnu/libpthread-2.23.so
7f0ca4e12000-7f0ca5011000 ---p 00018000 08:08 267677                     /lib/x86_64-linux-gnu/libpthread-2.23.so
7f0ca5011000-7f0ca5012000 r--p 00017000 08:08 267677                     /lib/x86_64-linux-gnu/libpthread-2.23.so
7f0ca5012000-7f0ca5013000 rw-p 00018000 08:08 267677                     /lib/x86_64-linux-gnu/libpthread-2.23.so
7f0ca5013000-7f0ca5017000 rw-p 00000000 00:00 0 
7f0ca5017000-7f0ca503d000 r-xp 00000000 08:08 267503                     /lib/x86_64-linux-gnu/ld-2.23.so
7f0ca503d000-7f0ca5042000 r--s 0003a000 08:08 558146                     /home/lawson/Android/projects/AndroidSummary.git/app/build/intermediates/exploded-aar/com.android.support/support-core-ui/24.2.0/jars/classes.jar
7f0ca5042000-7f0ca511b000 rw-p 00000000 00:00 0 
7f0ca511b000-7f0ca511e000 ---p 00000000 00:00 0 
7f0ca511e000-7f0ca5220000 rw-p 00000000 00:00 0 
7f0ca5222000-7f0ca5230000 r--s 000e0000 08:08 149428                     /home/lawson/Android/Sdk/build-tools/24.0.1/lib/dx.jar
7f0ca5230000-7f0ca5238000 rw-s 00000000 08:08 941073                     /tmp/hsperfdata_lawson/10990
7f0ca5238000-7f0ca5239000 rw-p 00000000 00:00 0 
7f0ca5239000-7f0ca523a000 ---p 00000000 00:00 0 
7f0ca523a000-7f0ca523c000 rw-p 00000000 00:00 0 
7f0ca523c000-7f0ca523d000 r--p 00025000 08:08 267503                     /lib/x86_64-linux-gnu/ld-2.23.so
7f0ca523d000-7f0ca523e000 rw-p 00026000 08:08 267503                     /lib/x86_64-linux-gnu/ld-2.23.so
7f0ca523e000-7f0ca523f000 rw-p 00000000 00:00 0 
7ffd572c4000-7ffd572e6000 rw-p 00000000 00:00 0                          [stack]
7ffd573c2000-7ffd573c4000 r--p 00000000 00:00 0                          [vvar]
7ffd573c4000-7ffd573c6000 r-xp 00000000 00:00 0                          [vdso]
ffffffffff600000-ffffffffff601000 r-xp 00000000 00:00 0                  [vsyscall]

VM Arguments:
jvm_args: -Djava.awt.headless=true -Xmx1024M -Dfile.encoding=UTF-8 -Duser.country=CN -Duser.language=zh -Duser.variant 
java_command: com.android.dx.command.Main --dex --force-jumbo --num-threads=4 --multi-dex --output /home/lawson/Android/projects/AndroidSummary.git/app/build/intermediates/transforms/dex/debug/folders/1000/10/com.android.support-support-core-ui-24.2.0_be48bc995af3876fe5dec27371efad304ebc9856 /home/lawson/Android/projects/AndroidSummary.git/app/build/intermediates/exploded-aar/com.android.support/support-core-ui/24.2.0/jars/classes.jar
java_class_path (initial): /home/lawson/Android/Sdk/build-tools/24.0.1/lib/dx.jar
Launcher Type: SUN_STANDARD

Environment Variables:
JAVA_HOME=/usr/lib/jvm/jdk1.8.0_101
CLASSPATH=./../lib/bootstrap.jar:./../lib/extensions.jar:./../lib/util.jar:./../lib/jdom.jar:./../lib/log4j.jar:./../lib/trove4j.jar:./../lib/jna.jar:/usr/lib/jvm/jdk1.8.0_101/lib/tools.jar
PATH=/home/lawson/Android/Sdk/platform-tools:/usr/lib/jvm/jdk1.8.0_101/bin:/usr/lib/jvm/jdk1.8.0_101/jre/bin:/usr/lib/jvm/jdk1.8.0_101/bin:/usr/lib/jvm/jdk1.8.0_101/jre/bin:/usr/local/sbin:/usr/local/bin:/usr/sbin:/usr/bin:/sbin:/bin:/usr/games:/usr/local/games:/snap/bin
LD_LIBRARY_PATH=.:
SHELL=/bin/bash
DISPLAY=:0

Signal Handlers:
SIGSEGV: [libjvm.so+0xac4790], sa_mask[0]=11111111011111111101111111111110, sa_flags=SA_RESTART|SA_SIGINFO
SIGBUS: [libjvm.so+0xac4790], sa_mask[0]=11111111011111111101111111111110, sa_flags=SA_RESTART|SA_SIGINFO
SIGFPE: [libjvm.so+0x91f140], sa_mask[0]=11111111011111111101111111111110, sa_flags=SA_RESTART|SA_SIGINFO
SIGPIPE: [libjvm.so+0x91f140], sa_mask[0]=11111111011111111101111111111110, sa_flags=SA_RESTART|SA_SIGINFO
SIGXFSZ: [libjvm.so+0x91f140], sa_mask[0]=11111111011111111101111111111110, sa_flags=SA_RESTART|SA_SIGINFO
SIGILL: [libjvm.so+0x91f140], sa_mask[0]=11111111011111111101111111111110, sa_flags=SA_RESTART|SA_SIGINFO
SIGUSR1: SIG_DFL, sa_mask[0]=00000000000000000000000000000000, sa_flags=none
SIGUSR2: [libjvm.so+0x920770], sa_mask[0]=00100000000000000000000000000000, sa_flags=SA_RESTART|SA_SIGINFO
SIGHUP: [libjvm.so+0x921b70], sa_mask[0]=11111111011111111101111111111110, sa_flags=SA_RESTART|SA_SIGINFO
SIGINT: [libjvm.so+0x921b70], sa_mask[0]=11111111011111111101111111111110, sa_flags=SA_RESTART|SA_SIGINFO
SIGTERM: [libjvm.so+0x921b70], sa_mask[0]=11111111011111111101111111111110, sa_flags=SA_RESTART|SA_SIGINFO
SIGQUIT: [libjvm.so+0x921b70], sa_mask[0]=11111111011111111101111111111110, sa_flags=SA_RESTART|SA_SIGINFO


---------------  S Y S T E M  ---------------

OS:DISTRIB_ID=Ubuntu
DISTRIB_RELEASE=16.04
DISTRIB_CODENAME=xenial
DISTRIB_DESCRIPTION="Ubuntu 16.04.1 LTS"

uname:Linux 4.4.0-34-generic #53-Ubuntu SMP Wed Jul 27 16:06:39 UTC 2016 x86_64
libc:glibc 2.23 NPTL 2.23 
rlimit: STACK 8192k, CORE 0k, NPROC 31144, NOFILE 65536, AS infinity
load average:29.68 10.85 5.55

/proc/meminfo:
MemTotal:        8011600 kB
MemFree:          276852 kB
MemAvailable:     179888 kB
Buffers:             624 kB
Cached:          1748492 kB
SwapCached:         1188 kB
Active:          6566428 kB
Inactive:         958752 kB
Active(anon):    6553464 kB
Inactive(anon):   930668 kB
Active(file):      12964 kB
Inactive(file):    28084 kB
Unevictable:          92 kB
Mlocked:              92 kB
SwapTotal:        498684 kB
SwapFree:              8 kB
Dirty:               132 kB
Writeback:             0 kB
AnonPages:       5775576 kB
Mapped:           621712 kB
Shmem:           1707608 kB
Slab:              87176 kB
SReclaimable:      43104 kB
SUnreclaim:        44072 kB
KernelStack:       12304 kB
PageTables:        56320 kB
NFS_Unstable:          0 kB
Bounce:                0 kB
WritebackTmp:          0 kB
CommitLimit:     4504484 kB
Committed_AS:   11977976 kB
VmallocTotal:   34359738367 kB
VmallocUsed:           0 kB
VmallocChunk:          0 kB
HardwareCorrupted:     0 kB
AnonHugePages:   3831808 kB
CmaTotal:              0 kB
CmaFree:               0 kB
HugePages_Total:       0
HugePages_Free:        0
HugePages_Rsvd:        0
HugePages_Surp:        0
Hugepagesize:       2048 kB
DirectMap4k:      164604 kB
DirectMap2M:     8058880 kB


CPU:total 4 (2 cores per cpu, 2 threads per core) family 6 model 58 stepping 9, cmov, cx8, fxsr, mmx, sse, sse2, sse3, ssse3, sse4.1, sse4.2, popcnt, avx, aes, clmul, erms, ht, tsc, tscinvbit, tscinv

/proc/cpuinfo:
processor	: 0
vendor_id	: GenuineIntel
cpu family	: 6
model		: 58
model name	: Intel(R) Core(TM) i5-3210M CPU @ 2.50GHz
stepping	: 9
microcode	: 0x1c
cpu MHz		: 1218.750
cache size	: 3072 KB
physical id	: 0
siblings	: 4
core id		: 0
cpu cores	: 2
apicid		: 0
initial apicid	: 0
fpu		: yes
fpu_exception	: yes
cpuid level	: 13
wp		: yes
flags		: fpu vme de pse tsc msr pae mce cx8 apic sep mtrr pge mca cmov pat pse36 clflush dts acpi mmx fxsr sse sse2 ss ht tm pbe syscall nx rdtscp lm constant_tsc arch_perfmon pebs bts rep_good nopl xtopology nonstop_tsc aperfmperf eagerfpu pni pclmulqdq dtes64 monitor ds_cpl vmx est tm2 ssse3 cx16 xtpr pdcm pcid sse4_1 sse4_2 x2apic popcnt tsc_deadline_timer aes xsave avx f16c rdrand lahf_lm epb tpr_shadow vnmi flexpriority ept vpid fsgsbase smep erms xsaveopt dtherm ida arat pln pts
bugs		:
bogomips	: 4988.71
clflush size	: 64
cache_alignment	: 64
address sizes	: 36 bits physical, 48 bits virtual
power management:

processor	: 1
vendor_id	: GenuineIntel
cpu family	: 6
model		: 58
model name	: Intel(R) Core(TM) i5-3210M CPU @ 2.50GHz
stepping	: 9
microcode	: 0x1c
cpu MHz		: 1199.804
cache size	: 3072 KB
physical id	: 0
siblings	: 4
core id		: 0
cpu cores	: 2
apicid		: 1
initial apicid	: 1
fpu		: yes
fpu_exception	: yes
cpuid level	: 13
wp		: yes
flags		: fpu vme de pse tsc msr pae mce cx8 apic sep mtrr pge mca cmov pat pse36 clflush dts acpi mmx fxsr sse sse2 ss ht tm pbe syscall nx rdtscp lm constant_tsc arch_perfmon pebs bts rep_good nopl xtopology nonstop_tsc aperfmperf eagerfpu pni pclmulqdq dtes64 monitor ds_cpl vmx est tm2 ssse3 cx16 xtpr pdcm pcid sse4_1 sse4_2 x2apic popcnt tsc_deadline_timer aes xsave avx f16c rdrand lahf_lm epb tpr_shadow vnmi flexpriority ept vpid fsgsbase smep erms xsaveopt dtherm ida arat pln pts
bugs		:
bogomips	: 4988.71
clflush size	: 64
cache_alignment	: 64
address sizes	: 36 bits physical, 48 bits virtual
power management:

processor	: 2
vendor_id	: GenuineIntel
cpu family	: 6
model		: 58
model name	: Intel(R) Core(TM) i5-3210M CPU @ 2.50GHz
stepping	: 9
microcode	: 0x1c
cpu MHz		: 1374.218
cache size	: 3072 KB
physical id	: 0
siblings	: 4
core id		: 1
cpu cores	: 2
apicid		: 2
initial apicid	: 2
fpu		: yes
fpu_exception	: yes
cpuid level	: 13
wp		: yes
flags		: fpu vme de pse tsc msr pae mce cx8 apic sep mtrr pge mca cmov pat pse36 clflush dts acpi mmx fxsr sse sse2 ss ht tm pbe syscall nx rdtscp lm constant_tsc arch_perfmon pebs bts rep_good nopl xtopology nonstop_tsc aperfmperf eagerfpu pni pclmulqdq dtes64 monitor ds_cpl vmx est tm2 ssse3 cx16 xtpr pdcm pcid sse4_1 sse4_2 x2apic popcnt tsc_deadline_timer aes xsave avx f16c rdrand lahf_lm epb tpr_shadow vnmi flexpriority ept vpid fsgsbase smep erms xsaveopt dtherm ida arat pln pts
bugs		:
bogomips	: 4988.71
clflush size	: 64
cache_alignment	: 64
address sizes	: 36 bits physical, 48 bits virtual
power management:

processor	: 3
vendor_id	: GenuineIntel
cpu family	: 6
model		: 58
model name	: Intel(R) Core(TM) i5-3210M CPU @ 2.50GHz
stepping	: 9
microcode	: 0x1c
cpu MHz		: 1200.000
cache size	: 3072 KB
physical id	: 0
siblings	: 4
core id		: 1
cpu cores	: 2
apicid		: 3
initial apicid	: 3
fpu		: yes
fpu_exception	: yes
cpuid level	: 13
wp		: yes
flags		: fpu vme de pse tsc msr pae mce cx8 apic sep mtrr pge mca cmov pat pse36 clflush dts acpi mmx fxsr sse sse2 ss ht tm pbe syscall nx rdtscp lm constant_tsc arch_perfmon pebs bts rep_good nopl xtopology nonstop_tsc aperfmperf eagerfpu pni pclmulqdq dtes64 monitor ds_cpl vmx est tm2 ssse3 cx16 xtpr pdcm pcid sse4_1 sse4_2 x2apic popcnt tsc_deadline_timer aes xsave avx f16c rdrand lahf_lm epb tpr_shadow vnmi flexpriority ept vpid fsgsbase smep erms xsaveopt dtherm ida arat pln pts
bugs		:
bogomips	: 4988.71
clflush size	: 64
cache_alignment	: 64
address sizes	: 36 bits physical, 48 bits virtual
power management:



Memory: 4k page, physical 8011600k(275364k free), swap 498684k(8k free)

vm_info: Java HotSpot(TM) 64-Bit Server VM (25.101-b13) for linux-amd64 JRE (1.8.0_101-b13), built on Jun 22 2016 02:59:44 by "java_re" with gcc 4.3.0 20080428 (Red Hat 4.3.0-8)

time: Sun Aug 21 15:42:26 2016
elapsed time: 75 seconds (0d 0h 1m 15s)

